<?xml version="1.0" encoding="UTF-8"?>
<!-- Generated by org.testng.reporters.JUnitXMLReporter -->
<testsuite ignored="2" hostname="DESKTOP-43UQ09U" failures="1" tests="1" name="Test" time="145.773" errors="0" timestamp="2025-07-31T16:27:27 IST">
  <testcase classname="com.comcast.crm.orgTest_WithAnnotationsAndBaseClass.CreateOrganization" name="CreateOrganizationTC1" time="81.804">
    <failure type="java.lang.AssertionError" message="expected [false] but found [true]">
      <![CDATA[java.lang.AssertionError: expected [false] but found [true]
at com.comcast.crm.orgTest_WithAnnotationsAndBaseClass.CreateOrganization.CreateOrganizationTC1(CreateOrganization.java:61)
at java.base/java.util.ArrayList.forEach(ArrayList.java:1597)
... Removed 32 stack frames]]>
    </failure>
  </testcase> <!-- CreateOrganizationTC1 -->
  <testcase classname="com.comcast.crm.orgTest_WithAnnotationsAndBaseClass.CreateOrganization" name="CreateOrgWithIndustry" time="0.0">
    <ignored/>
  </testcase> <!-- CreateOrgWithIndustry -->
  <testcase classname="com.comcast.crm.orgTest_WithAnnotationsAndBaseClass.CreateOrganization" name="CreateOrganizationWithPhoneNumber_TC3" time="0.0">
    <ignored/>
  </testcase> <!-- CreateOrganizationWithPhoneNumber_TC3 -->
</testsuite> <!-- Test -->
